{"uid":"d4ba0dd696ad8370","name":"createUserTest()","fullName":"api.tests.CreateUserTest.createUserTest","historyId":"2f925a99d724855a075da2f37ddd9494","time":{"start":1744290783895,"stop":1744290786057,"duration":2162},"description":"","status":"failed","statusMessage":"2 expectations failed.\nExpected status code <201> but was <403>.\n\nExpected content-type \"application/json\" doesn't match actual content-type \"text/html; charset=utf-8\".\n","statusTrace":"java.lang.AssertionError: 2 expectations failed.\nExpected status code <201> but was <403>.\n\nExpected content-type \"application/json\" doesn't match actual content-type \"text/html; charset=utf-8\".\n\n\tat java.base/jdk.internal.reflect.NativeConstructorAccessorImpl.newInstance0(Native Method)\n\tat java.base/jdk.internal.reflect.NativeConstructorAccessorImpl.newInstance(NativeConstructorAccessorImpl.java:77)\n\tat java.base/jdk.internal.reflect.DelegatingConstructorAccessorImpl.newInstance(DelegatingConstructorAccessorImpl.java:45)\n\tat java.base/java.lang.reflect.Constructor.newInstanceWithCaller(Constructor.java:500)\n\tat java.base/java.lang.reflect.Constructor.newInstance(Constructor.java:481)\n\tat org.codehaus.groovy.reflection.CachedConstructor.invoke(CachedConstructor.java:73)\n\tat org.codehaus.groovy.runtime.callsite.ConstructorSite$ConstructorSiteNoUnwrapNoCoerce.callConstructor(ConstructorSite.java:108)\n\tat org.codehaus.groovy.runtime.callsite.CallSiteArray.defaultCallConstructor(CallSiteArray.java:57)\n\tat org.codehaus.groovy.runtime.callsite.AbstractCallSite.callConstructor(AbstractCallSite.java:263)\n\tat org.codehaus.groovy.runtime.callsite.AbstractCallSite.callConstructor(AbstractCallSite.java:277)\n\tat io.restassured.internal.ResponseSpecificationImpl$HamcrestAssertionClosure.validate(ResponseSpecificationImpl.groovy:512)\n\tat io.restassured.internal.ResponseSpecificationImpl$HamcrestAssertionClosure$validate$1.call(Unknown Source)\n\tat org.codehaus.groovy.runtime.callsite.CallSiteArray.defaultCall(CallSiteArray.java:45)\n\tat org.codehaus.groovy.runtime.callsite.AbstractCallSite.call(AbstractCallSite.java:125)\n\tat org.codehaus.groovy.runtime.callsite.AbstractCallSite.call(AbstractCallSite.java:139)\n\tat io.restassured.internal.ResponseSpecificationImpl.validate(ResponseSpecificationImpl.groovy:101)\n\tat io.restassured.internal.ValidatableResponseOptionsImpl.spec(ValidatableResponseOptionsImpl.java:288)\n\tat api.tests.CreateUserTest.createUserTest(CreateUserTest.java:26)\n\tat java.base/java.lang.reflect.Method.invoke(Method.java:569)\n\tat java.base/java.util.ArrayList.forEach(ArrayList.java:1511)\n\tat java.base/java.util.ArrayList.forEach(ArrayList.java:1511)\n","flaky":false,"newFailed":false,"newBroken":false,"newPassed":false,"retriesCount":3,"retriesStatusChange":false,"beforeStages":[],"testStage":{"description":"","status":"failed","statusMessage":"2 expectations failed.\nExpected status code <201> but was <403>.\n\nExpected content-type \"application/json\" doesn't match actual content-type \"text/html; charset=utf-8\".\n","statusTrace":"java.lang.AssertionError: 2 expectations failed.\nExpected status code <201> but was <403>.\n\nExpected content-type \"application/json\" doesn't match actual content-type \"text/html; charset=utf-8\".\n\n\tat java.base/jdk.internal.reflect.NativeConstructorAccessorImpl.newInstance0(Native Method)\n\tat java.base/jdk.internal.reflect.NativeConstructorAccessorImpl.newInstance(NativeConstructorAccessorImpl.java:77)\n\tat java.base/jdk.internal.reflect.DelegatingConstructorAccessorImpl.newInstance(DelegatingConstructorAccessorImpl.java:45)\n\tat java.base/java.lang.reflect.Constructor.newInstanceWithCaller(Constructor.java:500)\n\tat java.base/java.lang.reflect.Constructor.newInstance(Constructor.java:481)\n\tat org.codehaus.groovy.reflection.CachedConstructor.invoke(CachedConstructor.java:73)\n\tat org.codehaus.groovy.runtime.callsite.ConstructorSite$ConstructorSiteNoUnwrapNoCoerce.callConstructor(ConstructorSite.java:108)\n\tat org.codehaus.groovy.runtime.callsite.CallSiteArray.defaultCallConstructor(CallSiteArray.java:57)\n\tat org.codehaus.groovy.runtime.callsite.AbstractCallSite.callConstructor(AbstractCallSite.java:263)\n\tat org.codehaus.groovy.runtime.callsite.AbstractCallSite.callConstructor(AbstractCallSite.java:277)\n\tat io.restassured.internal.ResponseSpecificationImpl$HamcrestAssertionClosure.validate(ResponseSpecificationImpl.groovy:512)\n\tat io.restassured.internal.ResponseSpecificationImpl$HamcrestAssertionClosure$validate$1.call(Unknown Source)\n\tat org.codehaus.groovy.runtime.callsite.CallSiteArray.defaultCall(CallSiteArray.java:45)\n\tat org.codehaus.groovy.runtime.callsite.AbstractCallSite.call(AbstractCallSite.java:125)\n\tat org.codehaus.groovy.runtime.callsite.AbstractCallSite.call(AbstractCallSite.java:139)\n\tat io.restassured.internal.ResponseSpecificationImpl.validate(ResponseSpecificationImpl.groovy:101)\n\tat io.restassured.internal.ValidatableResponseOptionsImpl.spec(ValidatableResponseOptionsImpl.java:288)\n\tat api.tests.CreateUserTest.createUserTest(CreateUserTest.java:26)\n\tat java.base/java.lang.reflect.Method.invoke(Method.java:569)\n\tat java.base/java.util.ArrayList.forEach(ArrayList.java:1511)\n\tat java.base/java.util.ArrayList.forEach(ArrayList.java:1511)\n","steps":[],"attachments":[{"uid":"b26c5c15a9729f8b","name":"Request","source":"b26c5c15a9729f8b.html","type":"text/html","size":592},{"uid":"3a5ab1da47590d8e","name":"HTTP/1.1 403 Forbidden","source":"3a5ab1da47590d8e.html","type":"text/html","size":6277}],"parameters":[],"stepsCount":0,"hasContent":true,"shouldDisplayMessage":true,"attachmentsCount":2,"attachmentStep":false},"afterStages":[],"labels":[{"name":"junit.platform.uniqueid","value":"[engine:junit-jupiter]/[class:api.tests.CreateUserTest]/[method:createUserTest()]"},{"name":"host","value":"MacBook-Pro-Bazargali.local"},{"name":"thread","value":"51165@MacBook-Pro-Bazargali.local.Test worker(1)"},{"name":"framework","value":"junit-platform"},{"name":"language","value":"java"},{"name":"package","value":"api.tests.CreateUserTest"},{"name":"testClass","value":"api.tests.CreateUserTest"},{"name":"testMethod","value":"createUserTest"},{"name":"suite","value":"api.tests.CreateUserTest"},{"name":"resultFormat","value":"allure2"}],"parameters":[],"links":[],"hidden":false,"retry":false,"extra":{"severity":"normal","retries":[{"uid":"aa4b86a5d4c60255","status":"failed","statusDetails":"2 expectations failed.\nExpected status code <201> but was <403>.\n\nExpected content-type \"application/json\" doesn't match actual content-type \"text/html; charset=utf-8\".\n","time":{"start":1744289281441,"stop":1744289283325,"duration":1884}},{"uid":"47b6a202aea40c86","status":"failed","statusDetails":"2 expectations failed.\nExpected status code <201> but was <403>.\n\nExpected content-type \"application/json\" doesn't match actual content-type \"text/html; charset=utf-8\".\n","time":{"start":1744198304960,"stop":1744198307253,"duration":2293}},{"uid":"631f192cbbdf1658","status":"failed","statusDetails":"2 expectations failed.\nExpected status code <201> but was <403>.\n\nExpected content-type \"application/json\" doesn't match actual content-type \"text/html; charset=utf-8\".\n","time":{"start":1744197429908,"stop":1744197432068,"duration":2160}}],"categories":[{"name":"Product defects","matchedStatuses":[]}],"tags":[]},"source":"d4ba0dd696ad8370.json","parameterValues":[]}